#
# A fatal error has been detected by the Java Runtime Environment:
#
#  EXCEPTION_ACCESS_VIOLATION (0xc0000005) at pc=0x51acaf70, pid=6116, tid=5392
#
# JRE version: 7.0_11-b21
# Java VM: Java HotSpot(TM) Client VM (23.6-b04 mixed mode, sharing windows-x86 )
# Problematic frame:
# C  [awt.dll+0xaaf70]  D3DVertexCacher::Render+0x50
#
# Failed to write core dump. Minidumps are not enabled by default on client versions of Windows
#
# If you would like to submit a bug report, please visit:
#   http://bugreport.sun.com/bugreport/crash.jsp
# The crash happened outside the Java Virtual Machine in native code.
# See problematic frame for where to report the bug.
#

---------------  T H R E A D  ---------------

Current thread (0x04c7c800):  JavaThread "AWT-Windows" daemon [_thread_in_native, id=5392, stack(0x05060000,0x050b0000)]

siginfo: ExceptionCode=0xc0000005, reading address 0x00000000

Registers:
EAX=0x050af164, EBX=0x00000180, ECX=0x000002be, EDX=0x00000180
ESP=0x050af14c, EBP=0x00000000, ESI=0x04c89820, EDI=0x00000000
EIP=0x51acaf70, EFLAGS=0x00010212

Top of Stack: (sp=0x050af14c)
0x050af14c:   050af164 00001000 00000000 00000001
0x050af15c:   04c7ccb8 0010000f 51b03772 51ac210b
0x050af16c:   00000000 00000000 04c7ccb8 51ac21ea
0x050af17c:   00000000 04c7ccb8 00000001 51ac22ee
0x050af18c:   04c7ccb8 51a83280 04c6c880 00000000
0x050af19c:   51ac444a 00000001 51b184ec 00000000
0x050af1ac:   04c6c880 51ac5912 51b184e4 51ac5b0b
0x050af1bc:   51b184e4 51aaf829 00000000 7807f4da 

Instructions: (pc=0x51acaf70)
0x51acaf50:   d8 53 1b c0 57 8b be 10 a0 00 00 25 00 f0 ff ff
0x51acaf60:   05 00 20 00 00 50 c1 e2 05 8d 44 24 14 50 8b da
0x51acaf70:   8b 17 53 c1 e1 05 51 8b 4a 2c 57 ff d1 33 ff 3b
0x51acaf80:   c7 0f 8c 8f 00 00 00 8b 56 04 8b 4c 24 10 c1 e2 


Register to memory mapping:

EAX=0x050af164 is pointing into the stack for thread: 0x04c7c800
EBX=0x00000180 is an unknown value
ECX=0x000002be is an unknown value
EDX=0x00000180 is an unknown value
ESP=0x050af14c is pointing into the stack for thread: 0x04c7c800
EBP=0x00000000 is an unknown value
ESI=0x04c89820 is an unknown value
EDI=0x00000000 is an unknown value


Stack: [0x05060000,0x050b0000],  sp=0x050af14c,  free space=316k
Native frames: (J=compiled Java code, j=interpreted, Vv=VM code, C=native code)
C  [awt.dll+0xaaf70]  D3DVertexCacher::Render+0x50

[error occurred during error reporting (printing native stack), id 0xc0000005]

Java frames: (J=compiled Java code, j=interpreted, Vv=VM code)
j  sun.awt.windows.WToolkit.eventLoop()V+0
j  sun.awt.windows.WToolkit.run()V+49
j  java.lang.Thread.run()V+11
v  ~StubRoutines::call_stub

---------------  P R O C E S S  ---------------

Java Threads: ( => current thread )
  0x12f60800 JavaThread "Thread-0" daemon [_thread_in_native, id=7208, stack(0x05d90000,0x05de0000)]
  0x0029b000 JavaThread "DestroyJavaVM" [_thread_blocked, id=4812, stack(0x00cf0000,0x00d40000)]
  0x04cb5400 JavaThread "Thread-2" [_thread_blocked, id=6072, stack(0x07570000,0x075c0000)]
  0x04c9f800 JavaThread "AWT-EventQueue-0" [_thread_blocked, id=4632, stack(0x071c0000,0x07210000)]
=>0x04c7c800 JavaThread "AWT-Windows" daemon [_thread_in_native, id=5392, stack(0x05060000,0x050b0000)]
  0x04c7c000 JavaThread "AWT-Shutdown" [_thread_blocked, id=6692, stack(0x04990000,0x049e0000)]
  0x04c79400 JavaThread "Java2D Disposer" daemon [_thread_blocked, id=6088, stack(0x04f40000,0x04f90000)]
  0x00e0ec00 JavaThread "Service Thread" daemon [_thread_blocked, id=7032, stack(0x04bc0000,0x04c10000)]
  0x00e0cc00 JavaThread "C1 CompilerThread0" daemon [_thread_blocked, id=6596, stack(0x04940000,0x04990000)]
  0x00e0bc00 JavaThread "Attach Listener" daemon [_thread_blocked, id=1392, stack(0x04820000,0x04870000)]
  0x00e05000 JavaThread "Signal Dispatcher" daemon [_thread_blocked, id=5316, stack(0x04890000,0x048e0000)]
  0x00df3c00 JavaThread "Finalizer" daemon [_thread_blocked, id=7428, stack(0x023b0000,0x02400000)]
  0x00df2400 JavaThread "Reference Handler" daemon [_thread_blocked, id=4524, stack(0x046f0000,0x04740000)]

Other Threads:
  0x00df0800 VMThread [stack: 0x02400000,0x02450000] [id=8176]
  0x00e20800 WatcherThread [stack: 0x048f0000,0x04940000] [id=456]

VM state:not at safepoint (normal execution)

VM Mutex/Monitor currently owned by a thread: None

Heap
 def new generation   total 4928K, used 274K [0x242f0000, 0x24840000, 0x29840000)
  eden space 4416K,   6% used [0x242f0000, 0x24334a88, 0x24740000)
  from space 512K,   0% used [0x247c0000, 0x247c0118, 0x24840000)
  to   space 512K,   0% used [0x24740000, 0x24740000, 0x247c0000)
 tenured generation   total 10944K, used 5928K [0x29840000, 0x2a2f0000, 0x342f0000)
   the space 10944K,  54% used [0x29840000, 0x29e0a338, 0x29e0a400, 0x2a2f0000)
 compacting perm gen  total 12288K, used 861K [0x342f0000, 0x34ef0000, 0x382f0000)
   the space 12288K,   7% used [0x342f0000, 0x343c7570, 0x343c7600, 0x34ef0000)
    ro space 10240K,  42% used [0x382f0000, 0x38730ce0, 0x38730e00, 0x38cf0000)
    rw space 12288K,  54% used [0x38cf0000, 0x39370e30, 0x39371000, 0x398f0000)

Card table byte_map: [0x022a0000,0x02350000] byte_map_base: 0x0217e880

Polling page: 0x00240000

Code Cache  [0x024c0000, 0x02638000, 0x044c0000)
 total_blobs=962 nmethods=749 adapters=148 free_code_cache=31269Kb largest_free_block=32020224

Compilation events (10 events):
Event: 819.043 Thread 0x00e0cc00  741             java.lang.ref.Reference::access$100 (4 bytes)
Event: 819.043 Thread 0x00e0cc00 nmethod 741 0x02634d08 code [0x02634e00, 0x02634e70]
Event: 819.060 Thread 0x00e0cc00  742             java.lang.ref.Reference::clear (6 bytes)
Event: 819.060 Thread 0x00e0cc00 nmethod 742 0x02634ec8 code [0x02634fc0, 0x02635050]
Event: 851.007 Thread 0x00e0cc00    5 % !         java.lang.ref.Reference$ReferenceHandler::run @ 0 (108 bytes)
Event: 851.008 Thread 0x00e0cc00 nmethod 5% 0x02635088 code [0x02635200, 0x02635688]
Event: 851.056 Thread 0x00e0cc00    6 % !         sun.java2d.Disposer::run @ 0 (74 bytes)
Event: 851.057 Thread 0x00e0cc00 nmethod 6% 0x02635a48 code [0x02635c10, 0x026361a0]
Event: 2329.042 Thread 0x00e0cc00  743             sun.awt.image.BufImgVolatileSurfaceManager::isAccelerationEnabled (2 bytes)
Event: 2329.042 Thread 0x00e0cc00 nmethod 743 0x02636748 code [0x02636840, 0x026368c0]

GC Heap History (10 events):
Event: 2696.764 GC heap before
{Heap before GC invocations=1146 (full 0):
 def new generation   total 4928K, used 4417K [0x242f0000, 0x24840000, 0x29840000)
  eden space 4416K, 100% used [0x242f0000, 0x24740000, 0x24740000)
  from space 512K,   0% used [0x24740000, 0x24740458, 0x247c0000)
  to   space 512K,   0% used [0x247c0000, 0x247c0000, 0x24840000)
 tenured generation   total 10944K, used 5928K [0x29840000, 0x2a2f0000, 0x342f0000)
   the space 10944K,  54% used [0x29840000, 0x29e0a338, 0x29e0a400, 0x2a2f0000)
 compacting perm gen  total 12288K, used 861K [0x342f0000, 0x34ef0000, 0x382f0000)
   the space 12288K,   7% used [0x342f0000, 0x343c7570, 0x343c7600, 0x34ef0000)
    ro space 10240K,  42% used [0x382f0000, 0x38730ce0, 0x38730e00, 0x38cf0000)
    rw space 12288K,  54% used [0x38cf0000, 0x39370e30, 0x39371000, 0x398f0000)
Event: 2696.827 GC heap after
Heap after GC invocations=1147 (full 0):
 def new generation   total 4928K, used 1K [0x242f0000, 0x24840000, 0x29840000)
  eden space 4416K,   0% used [0x242f0000, 0x242f0000, 0x24740000)
  from space 512K,   0% used [0x247c0000, 0x247c0520, 0x24840000)
  to   space 512K,   0% used [0x24740000, 0x24740000, 0x247c0000)
 tenured generation   total 10944K, used 5928K [0x29840000, 0x2a2f0000, 0x342f0000)
   the space 10944K,  54% used [0x29840000, 0x29e0a338, 0x29e0a400, 0x2a2f0000)
 compacting perm gen  total 12288K, used 861K [0x342f0000, 0x34ef0000, 0x382f0000)
   the space 12288K,   7% used [0x342f0000, 0x343c7570, 0x343c7600, 0x34ef0000)
    ro space 10240K,  42% used [0x382f0000, 0x38730ce0, 0x38730e00, 0x38cf0000)
    rw space 12288K,  54% used [0x38cf0000, 0x39370e30, 0x39371000, 0x398f0000)
}
Event: 2700.583 GC heap before
{Heap before GC invocations=1147 (full 0):
 def new generation   total 4928K, used 4417K [0x242f0000, 0x24840000, 0x29840000)
  eden space 4416K, 100% used [0x242f0000, 0x24740000, 0x24740000)
  from space 512K,   0% used [0x247c0000, 0x247c0520, 0x24840000)
  to   space 512K,   0% used [0x24740000, 0x24740000, 0x247c0000)
 tenured generation   total 10944K, used 5928K [0x29840000, 0x2a2f0000, 0x342f0000)
   the space 10944K,  54% used [0x29840000, 0x29e0a338, 0x29e0a400, 0x2a2f0000)
 compacting perm gen  total 12288K, used 861K [0x342f0000, 0x34ef0000, 0x382f0000)
   the space 12288K,   7% used [0x342f0000, 0x343c7570, 0x343c7600, 0x34ef0000)
    ro space 10240K,  42% used [0x382f0000, 0x38730ce0, 0x38730e00, 0x38cf0000)
    rw space 12288K,  54% used [0x38cf0000, 0x39370e30, 0x39371000, 0x398f0000)
Event: 2700.649 GC heap after
Heap after GC invocations=1148 (full 0):
 def new generation   total 4928K, used 1K [0x242f0000, 0x24840000, 0x29840000)
  eden space 4416K,   0% used [0x242f0000, 0x242f0000, 0x24740000)
  from space 512K,   0% used [0x24740000, 0x24740458, 0x247c0000)
  to   space 512K,   0% used [0x247c0000, 0x247c0000, 0x24840000)
 tenured generation   total 10944K, used 5928K [0x29840000, 0x2a2f0000, 0x342f0000)
   the space 10944K,  54% used [0x29840000, 0x29e0a338, 0x29e0a400, 0x2a2f0000)
 compacting perm gen  total 12288K, used 861K [0x342f0000, 0x34ef0000, 0x382f0000)
   the space 12288K,   7% used [0x342f0000, 0x343c7570, 0x343c7600, 0x34ef0000)
    ro space 10240K,  42% used [0x382f0000, 0x38730ce0, 0x38730e00, 0x38cf0000)
    rw space 12288K,  54% used [0x38cf0000, 0x39370e30, 0x39371000, 0x398f0000)
}
Event: 2704.721 GC heap before
{Heap before GC invocations=1148 (full 0):
 def new generation   total 4928K, used 4417K [0x242f0000, 0x24840000, 0x29840000)
  eden space 4416K, 100% used [0x242f0000, 0x24740000, 0x24740000)
  from space 512K,   0% used [0x24740000, 0x24740458, 0x247c0000)
  to   space 512K,   0% used [0x247c0000, 0x247c0000, 0x24840000)
 tenured generation   total 10944K, used 5928K [0x29840000, 0x2a2f0000, 0x342f0000)
   the space 10944K,  54% used [0x29840000, 0x29e0a338, 0x29e0a400, 0x2a2f0000)
 compacting perm gen  total 12288K, used 861K [0x342f0000, 0x34ef0000, 0x382f0000)
   the space 12288K,   7% used [0x342f0000, 0x343c7570, 0x343c7600, 0x34ef0000)
    ro space 10240K,  42% used [0x382f0000, 0x38730ce0, 0x38730e00, 0x38cf0000)
    rw space 12288K,  54% used [0x38cf0000, 0x39370e30, 0x39371000, 0x398f0000)
Event: 2704.785 GC heap after
Heap after GC invocations=1149 (full 0):
 def new generation   total 4928K, used 1K [0x242f0000, 0x24840000, 0x29840000)
  eden space 4416K,   0% used [0x242f0000, 0x242f0000, 0x24740000)
  from space 512K,   0% used [0x247c0000, 0x247c0520, 0x24840000)
  to   space 512K,   0% used [0x24740000, 0x24740000, 0x247c0000)
 tenured generation   total 10944K, used 5928K [0x29840000, 0x2a2f0000, 0x342f0000)
   the space 10944K,  54% used [0x29840000, 0x29e0a338, 0x29e0a400, 0x2a2f0000)
 compacting perm gen  total 12288K, used 861K [0x342f0000, 0x34ef0000, 0x382f0000)
   the space 12288K,   7% used [0x342f0000, 0x343c7570, 0x343c7600, 0x34ef0000)
    ro space 10240K,  42% used [0x382f0000, 0x38730ce0, 0x38730e00, 0x38cf0000)
    rw space 12288K,  54% used [0x38cf0000, 0x39370e30, 0x39371000, 0x398f0000)
}
Event: 2708.374 GC heap before
{Heap before GC invocations=1149 (full 0):
 def new generation   total 4928K, used 4417K [0x242f0000, 0x24840000, 0x29840000)
  eden space 4416K, 100% used [0x242f0000, 0x24740000, 0x24740000)
  from space 512K,   0% used [0x247c0000, 0x247c0520, 0x24840000)
  to   space 512K,   0% used [0x24740000, 0x24740000, 0x247c0000)
 tenured generation   total 10944K, used 5928K [0x29840000, 0x2a2f0000, 0x342f0000)
   the space 10944K,  54% used [0x29840000, 0x29e0a338, 0x29e0a400, 0x2a2f0000)
 compacting perm gen  total 12288K, used 861K [0x342f0000, 0x34ef0000, 0x382f0000)
   the space 12288K,   7% used [0x342f0000, 0x343c7570, 0x343c7600, 0x34ef0000)
    ro space 10240K,  42% used [0x382f0000, 0x38730ce0, 0x38730e00, 0x38cf0000)
    rw space 12288K,  54% used [0x38cf0000, 0x39370e30, 0x39371000, 0x398f0000)
Event: 2708.430 GC heap after
Heap after GC invocations=1150 (full 0):
 def new generation   total 4928K, used 1K [0x242f0000, 0x24840000, 0x29840000)
  eden space 4416K,   0% used [0x242f0000, 0x242f0000, 0x24740000)
  from space 512K,   0% used [0x24740000, 0x24740458, 0x247c0000)
  to   space 512K,   0% used [0x247c0000, 0x247c0000, 0x24840000)
 tenured generation   total 10944K, used 5928K [0x29840000, 0x2a2f0000, 0x342f0000)
   the space 10944K,  54% used [0x29840000, 0x29e0a338, 0x29e0a400, 0x2a2f0000)
 compacting perm gen  total 12288K, used 861K [0x342f0000, 0x34ef0000, 0x382f0000)
   the space 12288K,   7% used [0x342f0000, 0x343c7570, 0x343c7600, 0x34ef0000)
    ro space 10240K,  42% used [0x382f0000, 0x38730ce0, 0x38730e00, 0x38cf0000)
    rw space 12288K,  54% used [0x38cf0000, 0x39370e30, 0x39371000, 0x398f0000)
}
Event: 2711.382 GC heap before
{Heap before GC invocations=1150 (full 0):
 def new generation   total 4928K, used 4417K [0x242f0000, 0x24840000, 0x29840000)
  eden space 4416K, 100% used [0x242f0000, 0x24740000, 0x24740000)
  from space 512K,   0% used [0x24740000, 0x24740458, 0x247c0000)
  to   space 512K,   0% used [0x247c0000, 0x247c0000, 0x24840000)
 tenured generation   total 10944K, used 5928K [0x29840000, 0x2a2f0000, 0x342f0000)
   the space 10944K,  54% used [0x29840000, 0x29e0a338, 0x29e0a400, 0x2a2f0000)
 compacting perm gen  total 12288K, used 861K [0x342f0000, 0x34ef0000, 0x382f0000)
   the space 12288K,   7% used [0x342f0000, 0x343c7570, 0x343c7600, 0x34ef0000)
    ro space 10240K,  42% used [0x382f0000, 0x38730ce0, 0x38730e00, 0x38cf0000)
    rw space 12288K,  54% used [0x38cf0000, 0x39370e30, 0x39371000, 0x398f0000)
Event: 2711.431 GC heap after
Heap after GC invocations=1151 (full 0):
 def new generation   total 4928K, used 0K [0x242f0000, 0x24840000, 0x29840000)
  eden space 4416K,   0% used [0x242f0000, 0x242f0000, 0x24740000)
  from space 512K,   0% used [0x247c0000, 0x247c0118, 0x24840000)
  to   space 512K,   0% used [0x24740000, 0x24740000, 0x247c0000)
 tenured generation   total 10944K, used 5928K [0x29840000, 0x2a2f0000, 0x342f0000)
   the space 10944K,  54% used [0x29840000, 0x29e0a338, 0x29e0a400, 0x2a2f0000)
 compacting perm gen  total 12288K, used 861K [0x342f0000, 0x34ef0000, 0x382f0000)
   the space 12288K,   7% used [0x342f0000, 0x343c7570, 0x343c7600, 0x34ef0000)
    ro space 10240K,  42% used [0x382f0000, 0x38730ce0, 0x38730e00, 0x38cf0000)
    rw space 12288K,  54% used [0x38cf0000, 0x39370e30, 0x39371000, 0x398f0000)
}

Deoptimization events (0 events):
No events

Internal exceptions (10 events):
Event: 0.541 Thread 0x0029b000 Threw 0x244248c0 at C:\jdk7u1_32P\jdk7u11\hotspot\src\share\vm\prims\jvm.cpp:1166
Event: 0.543 Thread 0x0029b000 Threw 0x24428418 at C:\jdk7u1_32P\jdk7u11\hotspot\src\share\vm\prims\jvm.cpp:1166
Event: 0.544 Thread 0x0029b000 Threw 0x2442c5a0 at C:\jdk7u1_32P\jdk7u11\hotspot\src\share\vm\prims\jvm.cpp:1166
Event: 0.603 Thread 0x04cb5400 Threw 0x2446db28 at C:\jdk7u1_32P\jdk7u11\hotspot\src\share\vm\prims\jvm.cpp:1166
Event: 0.606 Thread 0x04cb5400 Threw 0x2446f4a0 at C:\jdk7u1_32P\jdk7u11\hotspot\src\share\vm\prims\jvm.cpp:1166
Event: 0.609 Thread 0x04cb5400 Threw 0x244724b0 at C:\jdk7u1_32P\jdk7u11\hotspot\src\share\vm\prims\jvm.cpp:1166
Event: 0.611 Thread 0x04cb5400 Threw 0x24475c30 at C:\jdk7u1_32P\jdk7u11\hotspot\src\share\vm\prims\jvm.cpp:1166
Event: 0.616 Thread 0x04cb5400 Threw 0x24477980 at C:\jdk7u1_32P\jdk7u11\hotspot\src\share\vm\prims\jvm.cpp:1166
Event: 0.618 Thread 0x04cb5400 Threw 0x24479698 at C:\jdk7u1_32P\jdk7u11\hotspot\src\share\vm\prims\jvm.cpp:1166
Event: 0.621 Thread 0x04cb5400 Threw 0x2447b420 at C:\jdk7u1_32P\jdk7u11\hotspot\src\share\vm\prims\jvm.cpp:1166

Events (10 events):
Event: 2704.721 Executing VM operation: GenCollectForAllocation
Event: 2704.785 Executing VM operation: GenCollectForAllocation done
Event: 2708.374 Executing VM operation: GenCollectForAllocation
Event: 2708.430 Executing VM operation: GenCollectForAllocation done
Event: 2711.382 Executing VM operation: GenCollectForAllocation
Event: 2711.431 Executing VM operation: GenCollectForAllocation done
Event: 2711.512 Thread 0x12f60400 Thread added: 0x12f60400
Event: 2711.512 Thread 0x12f60800 Thread added: 0x12f60800
Event: 2711.513 Thread 0x04cb5c00 Thread exited: 0x04cb5c00
Event: 2711.513 Thread 0x12f60400 Thread exited: 0x12f60400


Dynamic libraries:
0x00e70000 - 0x00e9f000 	C:\Users\Samuel\Documents\eclipse\jre\bin\javaw.exe
0x770d0000 - 0x77250000 	C:\Windows\SysWOW64\ntdll.dll
0x74c20000 - 0x74d30000 	C:\Windows\syswow64\kernel32.dll
0x74ef0000 - 0x74f37000 	C:\Windows\syswow64\KERNELBASE.dll
0x76a90000 - 0x76b30000 	C:\Windows\syswow64\ADVAPI32.dll
0x76880000 - 0x7692c000 	C:\Windows\syswow64\msvcrt.dll
0x74f40000 - 0x74f59000 	C:\Windows\SysWOW64\sechost.dll
0x75e60000 - 0x75f50000 	C:\Windows\syswow64\RPCRT4.dll
0x74b20000 - 0x74b80000 	C:\Windows\syswow64\SspiCli.dll
0x74b10000 - 0x74b1c000 	C:\Windows\syswow64\CRYPTBASE.dll
0x76110000 - 0x76210000 	C:\Windows\syswow64\USER32.dll
0x75f50000 - 0x75fe0000 	C:\Windows\syswow64\GDI32.dll
0x764f0000 - 0x764fa000 	C:\Windows\syswow64\LPK.dll
0x74b80000 - 0x74c1d000 	C:\Windows\syswow64\USP10.dll
0x70350000 - 0x704ee000 	C:\Windows\WinSxS\x86_microsoft.windows.common-controls_6595b64144ccf1df_6.0.7601.17514_none_41e6975e2bd6f2b2\COMCTL32.dll
0x76630000 - 0x76687000 	C:\Windows\syswow64\SHLWAPI.dll
0x760b0000 - 0x76110000 	C:\Windows\system32\IMM32.DLL
0x76560000 - 0x7662c000 	C:\Windows\syswow64\MSCTF.dll
0x55dd0000 - 0x55e8e000 	C:\Users\Samuel\Documents\eclipse\jre\bin\msvcr100.dll
0x562f0000 - 0x5663c000 	C:\Users\Samuel\Documents\eclipse\jre\bin\client\jvm.dll
0x72220000 - 0x72227000 	C:\Windows\system32\WSOCK32.dll
0x76500000 - 0x76535000 	C:\Windows\syswow64\WS2_32.dll
0x76220000 - 0x76226000 	C:\Windows\syswow64\NSI.dll
0x72de0000 - 0x72e12000 	C:\Windows\system32\WINMM.dll
0x75e40000 - 0x75e45000 	C:\Windows\syswow64\PSAPI.DLL
0x711b0000 - 0x711bc000 	C:\Users\Samuel\Documents\eclipse\jre\bin\verify.dll
0x71190000 - 0x711b0000 	C:\Users\Samuel\Documents\eclipse\jre\bin\java.dll
0x71170000 - 0x71183000 	C:\Users\Samuel\Documents\eclipse\jre\bin\zip.dll
0x51a20000 - 0x51b62000 	C:\Users\Samuel\Documents\eclipse\jre\bin\awt.dll
0x76690000 - 0x7671f000 	C:\Windows\syswow64\OLEAUT32.dll
0x76930000 - 0x76a8c000 	C:\Windows\syswow64\ole32.dll
0x720b0000 - 0x720c3000 	C:\Windows\system32\DWMAPI.DLL
0x72b90000 - 0x72c10000 	C:\Windows\system32\uxtheme.dll
0x6bdc0000 - 0x6bf83000 	C:\Windows\system32\d3d9.dll
0x73060000 - 0x73069000 	C:\Windows\system32\VERSION.dll
0x6bdb0000 - 0x6bdb6000 	C:\Windows\system32\d3d8thk.dll
0x6c610000 - 0x6c6c9000 	C:\Windows\system32\aticfx32.dll
0x6bce0000 - 0x6bceb000 	C:\Windows\system32\atiu9pag.dll
0x69870000 - 0x69c8f000 	C:\Windows\system32\atiumdag.dll
0x69ca0000 - 0x6a0a4000 	C:\Windows\system32\atiumdva.dll
0x75080000 - 0x75cca000 	C:\Windows\syswow64\SHELL32.dll
0x706e0000 - 0x7070a000 	C:\Users\Samuel\Documents\eclipse\jre\bin\fontmanager.dll
0x71150000 - 0x71164000 	C:\Users\Samuel\Documents\eclipse\jre\bin\net.dll
0x727d0000 - 0x7280c000 	C:\Windows\system32\mswsock.dll
0x744e0000 - 0x744e6000 	C:\Windows\System32\wship6.dll
0x71140000 - 0x7114f000 	C:\Users\Samuel\Documents\eclipse\jre\bin\nio.dll
0x710c0000 - 0x710f1000 	C:\Users\Samuel\Documents\eclipse\jre\bin\t2k.dll
0x70e10000 - 0x70efb000 	C:\Windows\system32\dbghelp.dll

VM Arguments:
jvm_args: -Dfile.encoding=Cp1252 
java_command: lightsoutgaming.games.lifeless.onejar.main.LifeLessMain
Launcher Type: SUN_STANDARD

Environment Variables:
PATH=C:/Users/Samuel/Documents/eclipse/jre/bin/client;C:/Users/Samuel/Documents/eclipse/jre/bin;C:/Users/Samuel/Documents/eclipse/jre/lib/i386;C:\Program Files (x86)\AMD APP\bin\x86_64;C:\Program Files (x86)\AMD APP\bin\x86;C:\Program Files\Common Files\Microsoft Shared\Windows Live;C:\Program Files (x86)\Common Files\Microsoft Shared\Windows Live;C:\Windows\system32;C:\Windows;C:\Windows\System32\Wbem;C:\Windows\System32\WindowsPowerShell\v1.0\;C:\Program Files (x86)\Windows Live\Shared;C:\Program Files (x86)\ATI Technologies\ATI.ACE\Core-Static;C:\Program Files\Java\jdk1.7.0_13\bin;C:\Users\Samuel\Documents\eclipse;
USERNAME=Samuel
OS=Windows_NT
PROCESSOR_IDENTIFIER=AMD64 Family 18 Model 1 Stepping 0, AuthenticAMD



---------------  S Y S T E M  ---------------

OS: Windows 7 , 64 bit Build 7601 Service Pack 1

CPU:total 4 (4 cores per cpu, 1 threads per core) family 18 model 1 stepping 0, cmov, cx8, fxsr, mmx, sse, sse2, sse3, popcnt, mmxext, 3dnowpref, lzcnt, sse4a, tsc, tscinvbit, tscinv

Memory: 4k page, physical 5740656k(898148k free), swap 11479452k(3931260k free)

vm_info: Java HotSpot(TM) Client VM (23.6-b04) for windows-x86 JRE (1.7.0_11-b21), built on Jan 12 2013 02:19:22 by "java_re" with unknown MS VC++:1600

time: Tue Jun 25 20:54:31 2013
elapsed time: 2711 seconds

